0 info it worked if it ends with ok
1 verbose cli [ '/usr/bin/nodejs', '/usr/bin/npm', 'i' ]
2 info using npm@1.3.10
3 info using node@v0.10.25
4 verbose readDependencies using package.json deps
5 verbose install where, deps [ '/vagrant/roe-wordpress/wp-content/plugins/roe-pressbooks',
5 verbose install   [ 'pressbooks-build-tools' ] ]
6 info preinstall roe-pressbooks@
7 verbose readDependencies using package.json deps
8 verbose cache add [ 'pressbooks-build-tools@^0.11.0', null ]
9 verbose cache add name=undefined spec="pressbooks-build-tools@^0.11.0" args=["pressbooks-build-tools@^0.11.0",null]
10 verbose parsed url { protocol: null,
10 verbose parsed url   slashes: null,
10 verbose parsed url   auth: null,
10 verbose parsed url   host: null,
10 verbose parsed url   port: null,
10 verbose parsed url   hostname: null,
10 verbose parsed url   hash: null,
10 verbose parsed url   search: null,
10 verbose parsed url   query: null,
10 verbose parsed url   pathname: 'pressbooks-build-tools@^0.11.0',
10 verbose parsed url   path: 'pressbooks-build-tools@^0.11.0',
10 verbose parsed url   href: 'pressbooks-build-tools@^0.11.0' }
11 verbose cache add name="pressbooks-build-tools" spec="^0.11.0" args=["pressbooks-build-tools","^0.11.0"]
12 verbose parsed url { protocol: null,
12 verbose parsed url   slashes: null,
12 verbose parsed url   auth: null,
12 verbose parsed url   host: null,
12 verbose parsed url   port: null,
12 verbose parsed url   hostname: null,
12 verbose parsed url   hash: null,
12 verbose parsed url   search: null,
12 verbose parsed url   query: null,
12 verbose parsed url   pathname: '^0.11.0',
12 verbose parsed url   path: '^0.11.0',
12 verbose parsed url   href: '^0.11.0' }
13 verbose addNamed [ 'pressbooks-build-tools', '^0.11.0' ]
14 verbose addNamed [ null, '>=0.11.0-0 <0.12.0-0' ]
15 silly lockFile b6ed6e7b-pressbooks-build-tools-0-11-0 pressbooks-build-tools@^0.11.0
16 verbose lock pressbooks-build-tools@^0.11.0 /home/vagrant/.npm/b6ed6e7b-pressbooks-build-tools-0-11-0.lock
17 silly addNameRange { name: 'pressbooks-build-tools',
17 silly addNameRange   range: '>=0.11.0-0 <0.12.0-0',
17 silly addNameRange   hasData: false }
18 verbose url raw pressbooks-build-tools
19 verbose url resolving [ 'https://registry.npmjs.org/', './pressbooks-build-tools' ]
20 verbose url resolved https://registry.npmjs.org/pressbooks-build-tools
21 info trying registry request attempt 1 at 21:25:21
22 http GET https://registry.npmjs.org/pressbooks-build-tools
23 http 200 https://registry.npmjs.org/pressbooks-build-tools
24 silly registry.get cb [ 200,
24 silly registry.get   { date: 'Mon, 25 Mar 2019 20:25:21 GMT',
24 silly registry.get     'content-type': 'application/json',
24 silly registry.get     'content-length': '75654',
24 silly registry.get     connection: 'keep-alive',
24 silly registry.get     'set-cookie': [ '__cfduid=de5c3bd03f39ee7b847ac2d27a400f0181553545521; expires=Tue, 24-Mar-20 20:25:21 GMT; path=/; domain=.registry.npmjs.org; HttpOnly' ],
24 silly registry.get     'cf-cache-status': 'MISS',
24 silly registry.get     'cache-control': 'max-age=300',
24 silly registry.get     'cf-ray': '4bd39d150a8c46f8-EWR',
24 silly registry.get     'accept-ranges': 'bytes',
24 silly registry.get     etag: '"488e11e934e6ccc422efb3ca05032e39"',
24 silly registry.get     'expect-ct': 'max-age=604800, report-uri="https://report-uri.cloudflare.com/cdn-cgi/beacon/expect-ct"',
24 silly registry.get     'last-modified': 'Fri, 15 Mar 2019 16:46:20 GMT',
24 silly registry.get     vary: 'accept-encoding, accept',
24 silly registry.get     'x-amz-meta-rev': '29-3e38a4c74070cabc7543f9c504e720b2',
24 silly registry.get     server: 'cloudflare' } ]
25 silly addNameRange number 2 { name: 'pressbooks-build-tools',
25 silly addNameRange   range: '>=0.11.0-0 <0.12.0-0',
25 silly addNameRange   hasData: true }
26 silly addNameRange versions [ 'pressbooks-build-tools',
26 silly addNameRange   [ '0.1.0',
26 silly addNameRange     '0.2.0',
26 silly addNameRange     '0.3.0',
26 silly addNameRange     '0.3.1',
26 silly addNameRange     '0.4.0',
26 silly addNameRange     '0.5.0',
26 silly addNameRange     '0.6.0',
26 silly addNameRange     '0.7.0',
26 silly addNameRange     '0.8.0',
26 silly addNameRange     '0.9.0',
26 silly addNameRange     '0.10.0',
26 silly addNameRange     '0.11.0',
26 silly addNameRange     '0.12.0',
26 silly addNameRange     '0.13.0',
26 silly addNameRange     '1.0.0',
26 silly addNameRange     '1.0.1',
26 silly addNameRange     '1.0.2',
26 silly addNameRange     '1.1.0',
26 silly addNameRange     '1.2.0',
26 silly addNameRange     '1.2.1',
26 silly addNameRange     '1.3.0',
26 silly addNameRange     '1.3.1',
26 silly addNameRange     '1.3.2',
26 silly addNameRange     '1.3.3',
26 silly addNameRange     '1.4.0',
26 silly addNameRange     '1.4.1',
26 silly addNameRange     '1.4.2' ] ]
27 verbose addNamed [ 'pressbooks-build-tools', '0.11.0' ]
28 verbose addNamed [ '0.11.0', '0.11.0' ]
29 silly lockFile 94ac9236-pressbooks-build-tools-0-11-0 pressbooks-build-tools@0.11.0
30 verbose lock pressbooks-build-tools@0.11.0 /home/vagrant/.npm/94ac9236-pressbooks-build-tools-0-11-0.lock
31 silly lockFile 6c522edf-ressbooks-build-tools-0-11-0-tgz https://registry.npmjs.org/pressbooks-build-tools/-/pressbooks-build-tools-0.11.0.tgz
32 verbose lock https://registry.npmjs.org/pressbooks-build-tools/-/pressbooks-build-tools-0.11.0.tgz /home/vagrant/.npm/6c522edf-ressbooks-build-tools-0-11-0-tgz.lock
33 verbose addRemoteTarball [ 'https://registry.npmjs.org/pressbooks-build-tools/-/pressbooks-build-tools-0.11.0.tgz',
33 verbose addRemoteTarball   '405a8ed62d7889f17be52bbaff860ecc56c233d5' ]
34 silly lockFile 6c522edf-ressbooks-build-tools-0-11-0-tgz https://registry.npmjs.org/pressbooks-build-tools/-/pressbooks-build-tools-0.11.0.tgz
35 silly lockFile 6c522edf-ressbooks-build-tools-0-11-0-tgz https://registry.npmjs.org/pressbooks-build-tools/-/pressbooks-build-tools-0.11.0.tgz
36 silly lockFile 94ac9236-pressbooks-build-tools-0-11-0 pressbooks-build-tools@0.11.0
37 silly lockFile 94ac9236-pressbooks-build-tools-0-11-0 pressbooks-build-tools@0.11.0
38 silly lockFile b6ed6e7b-pressbooks-build-tools-0-11-0 pressbooks-build-tools@^0.11.0
39 silly lockFile b6ed6e7b-pressbooks-build-tools-0-11-0 pressbooks-build-tools@^0.11.0
40 error Error: EACCES, mkdir '/home/vagrant/tmp/npm-14221-HpnKl0_v'
40 error  { [Error: EACCES, mkdir '/home/vagrant/tmp/npm-14221-HpnKl0_v']
40 error   errno: 3,
40 error   code: 'EACCES',
40 error   path: '/home/vagrant/tmp/npm-14221-HpnKl0_v' }
41 error Please try running this command again as root/Administrator.
42 error System Linux 3.13.0-37-generic
43 error command "/usr/bin/nodejs" "/usr/bin/npm" "i"
44 error cwd /vagrant/roe-wordpress/wp-content/plugins/roe-pressbooks
45 error node -v v0.10.25
46 error npm -v 1.3.10
47 error path /home/vagrant/tmp/npm-14221-HpnKl0_v
48 error code EACCES
49 error errno 3
50 error stack Error: EACCES, mkdir '/home/vagrant/tmp/npm-14221-HpnKl0_v'
51 verbose exit [ 3, true ]
